C51 COMPILER V9.01   MAIN                                                                  11/06/2024 16:43:59 PAGE 1   


C51 COMPILER V9.01, COMPILATION OF MODULE MAIN
OBJECT MODULE PLACED IN main.OBJ
COMPILER INVOKED BY: D:\applications\Keil\C51\BIN\C51.EXE main.c BROWSE DEBUG OBJECTEXTEND

line level    source

   1          #include <reg51.h>
   2          typedef unsigned char uint8;
   3          typedef unsigned int uint16;
   4          
   5          sbit k7 = P1^7;
   6          sbit sp = P3^0;
   7          unsigned int a = 0;
   8          
   9          delay(unsigned int i)
  10          {
  11   1              while(i--);
  12   1      }
  13          
  14          void Timer0() interrupt 1
  15          {
  16   1              sp=!sp;
  17   1              a++;
  18   1              if(a<500)
  19   1              {
  20   2                      TH0=(65536-700)/256;
  21   2                      TL0=(65536-700)%256;    
  22   2              } else if (a<1200)
  23   1              {
  24   2                      TH0=(65536-1000)/256;
  25   2                      TL0=(65536-1000)%256;
  26   2              } else {
  27   2                      TR0=0;
  28   2                      a=0;
  29   2              }
  30   1      }
  31          
  32          void main()
  33          {
  34   1              sp=0;
  35   1              IE=0x82;
  36   1              TMOD=0x01;
  37   1              TH0=(65536-700)/256;
  38   1              TL0=(65536-700)%256;
  39   1              while(1)
  40   1              {
  41   2                      k7=1;
  42   2                      if(k7==0)
  43   2                      {
  44   3                              delay(1000);
  45   3                              if(k7==0)
  46   3                              {
  47   4                                      TR0=1;
  48   4                                      while(k7==0);
  49   4                              }
  50   3                      }
  51   2              }
  52   1      }
*** WARNING C290 IN LINE 12 OF MAIN.C: missing return value


C51 COMPILER V9.01   MAIN                                                                  11/06/2024 16:43:59 PAGE 2   

MODULE INFORMATION:   STATIC OVERLAYABLE
   CODE SIZE        =    110    ----
   CONSTANT SIZE    =   ----    ----
   XDATA SIZE       =   ----    ----
   PDATA SIZE       =   ----    ----
   DATA SIZE        =      2    ----
   IDATA SIZE       =   ----    ----
   BIT SIZE         =   ----    ----
END OF MODULE INFORMATION.


C51 COMPILATION COMPLETE.  1 WARNING(S),  0 ERROR(S)
