C51 COMPILER V9.01   SY05_02                                                               11/06/2024 17:36:43 PAGE 1   


C51 COMPILER V9.01, COMPILATION OF MODULE SY05_02
OBJECT MODULE PLACED IN sy05_02.OBJ
COMPILER INVOKED BY: D:\applications\Keil\C51\BIN\C51.EXE sy05_02.c BROWSE DEBUG OBJECTEXTEND

line level    source

   1          
   2          #include <reg51.h>
   3          #define uchar unsigned char
   4          #define uint unsigned int
   5          sbit wexu = P3^0;
   6          sbit duxu = P3^1;
   7          
   8          uchar time=0;
   9          uchar shu=0;
  10          uchar shi;
  11          uchar ge;
  12          
  13          uchar code ledmod[] = {0xc0,0xf9,0xa4,0xb0,0x99,0x92,0x82,0xf8,0x80,0x90};
  14          
  15          void delayms(uint y)
  16          {
  17   1              uint i, j;
  18   1              for(i=y;i>0;i--)
  19   1                      for(j=110;j>0;j--)
  20   1                              ;
  21   1      }
  22          
  23          display(uchar shu)
  24          {
  25   1              shi=shu/10;
  26   1              ge=shu%10;
  27   1      
  28   1              wexu=1;
  29   1              P2=0x04;
  30   1              duxu=1;
  31   1              P0=ledmod[shi];
  32   1              delayms(5);
  33   1              P0=0xff;
  34   1      
  35   1              wexu=1;
  36   1              P2=0x08;
  37   1              duxu=1;
  38   1              P0=ledmod[ge];
  39   1              delayms(5);
  40   1              P0=0xff;
  41   1      }
  42          
  43          main(void)
  44          {
  45   1              TMOD=0x01;
  46   1              TH0=(65536-50000)/256;
  47   1              TL0=(65536-50000)%256;
  48   1              EA=1;
  49   1              ET0=1;
  50   1              TR0=1;
  51   1              while(1)
  52   1              {
  53   2                      display(shu);
  54   2                      P1=shu;
  55   2              }
C51 COMPILER V9.01   SY05_02                                                               11/06/2024 17:36:43 PAGE 2   

  56   1      }
  57          
  58          void time0() interrupt 1 using 1
  59          {
  60   1              TR0=0;
  61   1              time++;
  62   1              if(time==20)
  63   1              {
  64   2                      time=0;
  65   2                      shu++;
  66   2                      if(shu==100)
  67   2                      shu=0;
  68   2              }
  69   1              TH0=(65536-50000)/256;
  70   1              TL0=(65536-50000)%256;
  71   1              TR0=1;
  72   1      }
*** WARNING C290 IN LINE 41 OF SY05_02.C: missing return value


MODULE INFORMATION:   STATIC OVERLAYABLE
   CODE SIZE        =    150    ----
   CONSTANT SIZE    =     10    ----
   XDATA SIZE       =   ----    ----
   PDATA SIZE       =   ----    ----
   DATA SIZE        =      4    ----
   IDATA SIZE       =   ----    ----
   BIT SIZE         =   ----    ----
END OF MODULE INFORMATION.


C51 COMPILATION COMPLETE.  1 WARNING(S),  0 ERROR(S)
