C51 COMPILER V9.01   SY06_02_B                                                             11/27/2024 17:17:00 PAGE 1   


C51 COMPILER V9.01, COMPILATION OF MODULE SY06_02_B
OBJECT MODULE PLACED IN sy06_02_b.OBJ
COMPILER INVOKED BY: D:\applications\Keil\C51\BIN\C51.EXE sy06_02_b.c BROWSE DEBUG OBJECTEXTEND

line level    source

   1          #include <reg51.h>
   2          
   3          unsigned char a;
   4          unsigned char code seg[] = {0xc0, 0xF9, 0xA4,0x99, 0x92, 0x82, 0xF8, 0x80, 0x90};
   5          
   6          int main()
   7          
   8          {
   9   1              TMOD=0x20;
  10   1              TH1=0xfd;
  11   1              TL1=0xfd;
  12   1              SCON=0x50;
  13   1              EA=1;
  14   1              ES=1;
  15   1              TR1=1;
  16   1              while(1)
  17   1              {
  18   2      
  19   2              }
  20   1      
  21   1      }
  22          
  23          void serial() interrupt 4
  24          {
  25   1              if (RI)
  26   1              {
  27   2                      RI=0;
  28   2                      a=SBUF;
  29   2                      P0=seg[a];
  30   2              }
  31   1      
  32   1      }


MODULE INFORMATION:   STATIC OVERLAYABLE
   CODE SIZE        =     49    ----
   CONSTANT SIZE    =      9    ----
   XDATA SIZE       =   ----    ----
   PDATA SIZE       =   ----    ----
   DATA SIZE        =      1    ----
   IDATA SIZE       =   ----    ----
   BIT SIZE         =   ----    ----
END OF MODULE INFORMATION.


C51 COMPILATION COMPLETE.  0 WARNING(S),  0 ERROR(S)
