C51 COMPILER V9.01   MAIN                                                                  10/09/2024 16:28:47 PAGE 1   


C51 COMPILER V9.01, COMPILATION OF MODULE MAIN
OBJECT MODULE PLACED IN main.OBJ
COMPILER INVOKED BY: D:\applications\Keil\C51\BIN\C51.EXE main.c BROWSE DEBUG OBJECTEXTEND

line level    source

   1          #include <reg51.h>
   2          #define uchar unsigned char // 宏定义
   3          #define uint unsigned int
   4          sbit D0 =P2^0;
   5          sbit K0 =P1^0;
   6          void delayms(uint y)
   7          {
   8   1          uint i, j;
   9   1          for (i = y; i > 0; i--)
  10   1              for (j = 110; j > 0; j--)
  11   1                  ;
  12   1      }
  13          main(void)
  14          {
  15   1              D0 = 1;
  16   1          while (1)
  17   1          {
  18   2              if (K0 == 0)
  19   2              {
  20   3                  // D0 初始是灭的
  21   3                  // 判断按键是否被按下
  22   3                  delayms(10);
  23   3                  if (K0 == 0)
  24   3                  {
  25   4                                      D0 = !D0;
  26   4                  }
  27   3                  while (!K0);
  28   3              }
  29   2          }
  30   1      }


MODULE INFORMATION:   STATIC OVERLAYABLE
   CODE SIZE        =     52    ----
   CONSTANT SIZE    =   ----    ----
   XDATA SIZE       =   ----    ----
   PDATA SIZE       =   ----    ----
   DATA SIZE        =   ----    ----
   IDATA SIZE       =   ----    ----
   BIT SIZE         =   ----    ----
END OF MODULE INFORMATION.


C51 COMPILATION COMPLETE.  0 WARNING(S),  0 ERROR(S)
