C51 COMPILER V9.01   SY02                                                                  10/09/2024 16:28:47 PAGE 1   


C51 COMPILER V9.01, COMPILATION OF MODULE SY02
OBJECT MODULE PLACED IN sy02.OBJ
COMPILER INVOKED BY: D:\applications\Keil\C51\BIN\C51.EXE sy02.c BROWSE DEBUG OBJECTEXTEND

line level    source

   1          #include <reg51.h>
   2          #define uchar unsigned char // 宏定义
   3          #define uint unsigned int
   4          sbit D0 =P2^0;
   5          sbit K0 =P1^0;
   6          sbit D1 =P2^1;
   7          sbit K1 = P1^1;
   8          void delayms(uint y)
   9          {
  10   1          uint i, j;
  11   1          for (i = y; i > 0; i--)
  12   1              for (j = 110; j > 0; j--)
  13   1                  ;
  14   1      }
  15          main(void)
  16          {
  17   1              D0 = 1;
  18   1              D1 = 1;
  19   1          while (1)
  20   1          {
  21   2              if (K0 == 0)
  22   2              {
  23   3                  // D0 初始是灭的
  24   3                  // 判断按键是否被按下
  25   3                  delayms(10);
  26   3                  if (K0 == 0)
  27   3                  {
  28   4                                      D0 = !D0;                                                                
  29   4                  }
  30   3                  while (!K0);
  31   3              }
  32   2                      if (K1 == 0)
  33   2                      {
  34   3                              delayms(10);
  35   3                              if (K1 == 0)
  36   3                              {
  37   4                                      D1 = !D1;
  38   4                              }
  39   3                              while (!K1);
  40   3                      }
  41   2          }
  42   1      }


MODULE INFORMATION:   STATIC OVERLAYABLE
   CODE SIZE        =     72    ----
   CONSTANT SIZE    =   ----    ----
   XDATA SIZE       =   ----    ----
   PDATA SIZE       =   ----    ----
   DATA SIZE        =   ----    ----
   IDATA SIZE       =   ----    ----
   BIT SIZE         =   ----    ----
END OF MODULE INFORMATION.


C51 COMPILATION COMPLETE.  0 WARNING(S),  0 ERROR(S)
