C51 COMPILER V9.01   SY04_02                                                               10/30/2024 19:50:05 PAGE 1   


C51 COMPILER V9.01, COMPILATION OF MODULE SY04_02
OBJECT MODULE PLACED IN sy04_02.OBJ
COMPILER INVOKED BY: D:\applications\Keil\C51\BIN\C51.EXE sy04_02.c BROWSE DEBUG OBJECTEXTEND

line level    source

   1          #include <reg51.h>
   2          #include <intrins.h>
   3          #define uchar unsigned char // ????
   4          #define uint unsigned int
   5          sbit D0 = P2^0;
   6          sbit D1 = P2^1;
   7          sbit D2 = P2^2;
   8          sbit D3 = P2^3;
   9          sbit D4 = P2^4;
  10          sbit D5 = P2^5;
  11          sbit D6 = P2^6;
  12          sbit D7 = P2^7;
  13          
  14          sbit K0 = P3^2;
  15          // sbit K1 = P1^1;
  16          void delayms(uint y)
  17          {
  18   1          uint i, j;
  19   1          for (i = y; i > 0; i--)
  20   1              for (j = 110; j > 0; j--)
  21   1                  ;
  22   1      }
  23          int i;
  24          uchar d=0;
  25          void main()
  26          {
  27   1              D0 = 1;
  28   1              D1 = 1;
  29   1          while (1)
  30   1          {
  31   2                      
  32   2                      P2 = 0xAA;
  33   2                      delayms(800);           
  34   2                      P2 = 0x55;
  35   2                      delayms(800);
  36   2                      if (K0 == 0)
  37   2                      {
  38   3                              P2 = 0xFF;
  39   3                              for(i=0; i<8; i++)
  40   3                              {
  41   4                                      switch(i)
  42   4                                      {
  43   5                                              case 0: D0 = 0; break;
  44   5                                              case 1: D1 = 0; break;
  45   5                                              case 2: D2 = 0; break;
  46   5                                              case 3: D3 = 0; break;
  47   5                                              case 4: D4 = 0; break;
  48   5                                              case 5: D5 = 0; break;
  49   5                                              case 6: D6 = 0; break;
  50   5                                              case 7: D7 = 0; break;
  51   5                                      }
  52   4                                      delayms(500);
  53   4                                      P2 = 0xFF;
  54   4                              }
  55   3                              for(i=8; i>0; --i)
C51 COMPILER V9.01   SY04_02                                                               10/30/2024 19:50:05 PAGE 2   

  56   3                              {
  57   4                                      switch(i)
  58   4                                      {
  59   5                                              case 0: D0 = 0; break;
  60   5                                              case 1: D1 = 0; break;
  61   5                                              case 2: D2 = 0; break;
  62   5                                              case 3: D3 = 0; break;
  63   5                                              case 4: D4 = 0; break;
  64   5                                              case 5: D5 = 0; break;
  65   5                                              case 6: D6 = 0; break;
  66   5                                              case 7: D7 = 0; break;
  67   5                                      }
  68   4                                      delayms(500);
  69   4                                      P2 = 0xFF;
  70   4                              }
  71   3                              while (!K0);                    
  72   3                      }
  73   2      
  74   2          }
  75   1      }


MODULE INFORMATION:   STATIC OVERLAYABLE
   CODE SIZE        =    283    ----
   CONSTANT SIZE    =   ----    ----
   XDATA SIZE       =   ----    ----
   PDATA SIZE       =   ----    ----
   DATA SIZE        =      3    ----
   IDATA SIZE       =   ----    ----
   BIT SIZE         =   ----    ----
END OF MODULE INFORMATION.


C51 COMPILATION COMPLETE.  0 WARNING(S),  0 ERROR(S)
