C51 COMPILER V9.01   MAIN                                                                  10/09/2024 17:53:32 PAGE 1   


C51 COMPILER V9.01, COMPILATION OF MODULE MAIN
OBJECT MODULE PLACED IN main.OBJ
COMPILER INVOKED BY: D:\applications\Keil\C51\BIN\C51.EXE main.c BROWSE DEBUG OBJECTEXTEND

line level    source

   1          // 4.5 LED数码管显示
   2          #include <reg51.h>
   3          //统计K5键按下次数，并数码管动态实时显示。
   4          #include <reg51.h>
   5          #include <intrins.h>
   6          #define uchar unsigned char
   7          #define uint  unsigned int
   8          //0~9的共阳数码管段码表
   9          uchar code ledmod[] = {0xc0,0xf9,0xa4,0xb0,0x99,0x92,0x82,0xf8,0x80,0x90};
  10          sbit K5=P1^5;
  11          sbit wexu=P3^0;
  12          sbit duxu=P3^1;
  13          void delayms(uint y){
  14   1              uint i,j;
  15   1              for(i=y;i>0;i--)
  16   1                      for(j=110;j>0;j--)
  17   1                              ;
  18   1      }
  19          void display(uchar shu)
  20          {
  21   1              uchar wk=0x04;
  22   1              uchar i;
  23   1              uchar buf[2];
  24   1              buf[0]=ledmod[shu/10];
  25   1              buf[1]=ledmod[shu%10];
  26   1              for (i=0;i<2;i++)
  27   1              {
  28   2                      wexu=1;
  29   2                      P2=wk;
  30   2                      duxu=1;
  31   2                      P0=buf[i];
  32   2                      wk=_crol_(wk,1);
  33   2                      delayms(10);
  34   2                      P0=0xff;
  35   2              }
  36   1      }
  37          
  38          void main()
  39          {
  40   1              char num;
  41   1              num=0;
  42   1              while(1)
  43   1              {
  44   2                      display(num);
  45   2                      if(K5==0)
  46   2                      {
  47   3                              delayms(10);
  48   3                              if(K5==0)
  49   3                              {
  50   4                                      num++;
  51   4                                      if(num==100)
  52   4                                      {
  53   5                                              num=0;
  54   5                                      }
  55   4                              }
C51 COMPILER V9.01   MAIN                                                                  10/09/2024 17:53:32 PAGE 2   

  56   3                      }
  57   2                      while(!K5); // 等待释放
  58   2              }
  59   1      }


MODULE INFORMATION:   STATIC OVERLAYABLE
   CODE SIZE        =    126    ----
   CONSTANT SIZE    =     10    ----
   XDATA SIZE       =   ----    ----
   PDATA SIZE       =   ----    ----
   DATA SIZE        =   ----       2
   IDATA SIZE       =   ----    ----
   BIT SIZE         =   ----    ----
END OF MODULE INFORMATION.


C51 COMPILATION COMPLETE.  0 WARNING(S),  0 ERROR(S)
